c:\users\s170841\documents\physics for games\aiebootstrap-master\temp\physics engine\win32\debug\vc140.pdb
c:\users\s170841\documents\physics for games\aiebootstrap-master\temp\physics engine\win32\debug\vc140.idb
c:\users\s170841\documents\physics for games\aiebootstrap-master\temp\physics engine\win32\debug\box.obj
c:\users\s170841\documents\physics for games\aiebootstrap-master\temp\physics engine\win32\debug\demo.obj
c:\users\s170841\documents\physics for games\aiebootstrap-master\temp\physics engine\win32\debug\mainmenu.obj
c:\users\s170841\documents\physics for games\aiebootstrap-master\temp\physics engine\win32\debug\newtonscradle.obj
c:\users\s170841\documents\physics for games\aiebootstrap-master\temp\physics engine\win32\debug\physicsscene.obj
c:\users\s170841\documents\physics for games\aiebootstrap-master\temp\physics engine\win32\debug\physics_engineapp.obj
c:\users\s170841\documents\physics for games\aiebootstrap-master\temp\physics engine\win32\debug\main.obj
c:\users\s170841\documents\physics for games\aiebootstrap-master\temp\physics engine\win32\debug\pinball.obj
c:\users\s170841\documents\physics for games\aiebootstrap-master\temp\physics engine\win32\debug\plane.obj
c:\users\s170841\documents\physics for games\aiebootstrap-master\temp\physics engine\win32\debug\rigidbody.obj
c:\users\s170841\documents\physics for games\aiebootstrap-master\temp\physics engine\win32\debug\sphere.obj
c:\users\s170841\documents\physics for games\aiebootstrap-master\temp\physics engine\win32\debug\spring.obj
c:\users\s170841\documents\physics for games\aiebootstrap-master\temp\physics engine\win32\debug\state.obj
c:\users\s170841\documents\physics for games\aiebootstrap-master\temp\physics engine\win32\debug\statemanager.obj
c:\users\s170841\documents\physics for games\aiebootstrap-master\temp\physics engine\win32\debug\physics engine.ilk
c:\users\s170841\documents\physics for games\aiebootstrap-master\temp\physics engine\win32\debug\physics engine.exe
c:\users\s170841\documents\physics for games\aiebootstrap-master\temp\physics engine\win32\debug\physics engine.pdb
c:\users\s170841\documents\physics for games\aiebootstrap-master\temp\physics engine\win32\debug\physics engine.tlog\cl.command.1.tlog
c:\users\s170841\documents\physics for games\aiebootstrap-master\temp\physics engine\win32\debug\physics engine.tlog\cl.read.1.tlog
c:\users\s170841\documents\physics for games\aiebootstrap-master\temp\physics engine\win32\debug\physics engine.tlog\cl.write.1.tlog
c:\users\s170841\documents\physics for games\aiebootstrap-master\temp\physics engine\win32\debug\physics engine.tlog\link.command.1.tlog
c:\users\s170841\documents\physics for games\aiebootstrap-master\temp\physics engine\win32\debug\physics engine.tlog\link.read.1.tlog
c:\users\s170841\documents\physics for games\aiebootstrap-master\temp\physics engine\win32\debug\physics engine.tlog\link.write.1.tlog
