c:\users\s170841\documents\physics for games\aiebootstrap-master\temp\physics engine\win32\release\vc141.pdb
c:\users\s170841\documents\physics for games\aiebootstrap-master\temp\physics engine\win32\release\statemanager.obj
c:\users\s170841\documents\physics for games\aiebootstrap-master\temp\physics engine\win32\release\state.obj
c:\users\s170841\documents\physics for games\aiebootstrap-master\temp\physics engine\win32\release\spring.obj
c:\users\s170841\documents\physics for games\aiebootstrap-master\temp\physics engine\win32\release\sphere.obj
c:\users\s170841\documents\physics for games\aiebootstrap-master\temp\physics engine\win32\release\rigidbody.obj
c:\users\s170841\documents\physics for games\aiebootstrap-master\temp\physics engine\win32\release\plane.obj
c:\users\s170841\documents\physics for games\aiebootstrap-master\temp\physics engine\win32\release\pinball.obj
c:\users\s170841\documents\physics for games\aiebootstrap-master\temp\physics engine\win32\release\main.obj
c:\users\s170841\documents\physics for games\aiebootstrap-master\temp\physics engine\win32\release\physics_engineapp.obj
c:\users\s170841\documents\physics for games\aiebootstrap-master\temp\physics engine\win32\release\physicsscene.obj
c:\users\s170841\documents\physics for games\aiebootstrap-master\temp\physics engine\win32\release\newtonscradle.obj
c:\users\s170841\documents\physics for games\aiebootstrap-master\temp\physics engine\win32\release\mainmenu.obj
c:\users\s170841\documents\physics for games\aiebootstrap-master\temp\physics engine\win32\release\demo.obj
c:\users\s170841\documents\physics for games\aiebootstrap-master\temp\physics engine\win32\release\box.obj
c:\users\s170841\documents\physics for games\aiebootstrap-master\temp\physics engine\win32\release\physics engine.exe
c:\users\s170841\documents\physics for games\aiebootstrap-master\temp\physics engine\win32\release\physics engine.pdb
c:\users\s170841\documents\physics for games\aiebootstrap-master\temp\physics engine\win32\release\physics engine.ipdb
c:\users\s170841\documents\physics for games\aiebootstrap-master\temp\physics engine\win32\release\physics engine.iobj
c:\users\s170841\documents\physics for games\aiebootstrap-master\temp\physics engine\win32\release\physics engine.tlog\cl.command.1.tlog
c:\users\s170841\documents\physics for games\aiebootstrap-master\temp\physics engine\win32\release\physics engine.tlog\cl.read.1.tlog
c:\users\s170841\documents\physics for games\aiebootstrap-master\temp\physics engine\win32\release\physics engine.tlog\cl.write.1.tlog
c:\users\s170841\documents\physics for games\aiebootstrap-master\temp\physics engine\win32\release\physics engine.tlog\link.command.1.tlog
c:\users\s170841\documents\physics for games\aiebootstrap-master\temp\physics engine\win32\release\physics engine.tlog\link.read.1.tlog
c:\users\s170841\documents\physics for games\aiebootstrap-master\temp\physics engine\win32\release\physics engine.tlog\link.write.1.tlog
c:\users\s170841\documents\physics for games\aiebootstrap-master\temp\physics engine\win32\release\physics engine.tlog\physics engine.write.1u.tlog
